2015/08/02 00:58:41 [error] [exception.CHttpException.400] exception 'CHttpException' with message 'Your request is invalid.' in C:\xampp\htdocs\engstd\framework\web\CController.php:336
Stack trace:
#0 C:\xampp\htdocs\engstd\framework\web\CController.php(309): CController->invalidActionParams(Object(CInlineAction))
#1 C:\xampp\htdocs\engstd\framework\web\filters\CFilterChain.php(133): CController->runAction(Object(CInlineAction))
#2 C:\xampp\htdocs\engstd\framework\web\filters\CFilter.php(40): CFilterChain->run()
#3 C:\xampp\htdocs\engstd\framework\web\CController.php(1145): CFilter->filter(Object(CFilterChain))
#4 C:\xampp\htdocs\engstd\framework\web\filters\CInlineFilter.php(58): CController->filterAccessControl(Object(CFilterChain))
#5 C:\xampp\htdocs\engstd\framework\web\filters\CFilterChain.php(130): CInlineFilter->filter(Object(CFilterChain))
#6 C:\xampp\htdocs\engstd\framework\web\CController.php(291): CFilterChain->run()
#7 C:\xampp\htdocs\engstd\framework\web\CController.php(265): CController->runActionWithFilters(Object(CInlineAction), Array)
#8 C:\xampp\htdocs\engstd\framework\web\CWebApplication.php(282): CController->run('download')
#9 C:\xampp\htdocs\engstd\framework\web\CWebApplication.php(141): CWebApplication->runController('InspecFile/down...')
#10 C:\xampp\htdocs\engstd\framework\base\CApplication.php(180): CWebApplication->processRequest()
#11 C:\xampp\htdocs\engstd\index.php(13): CApplication->run()
#12 {main}
REQUEST_URI=/engstd/InspecFile/download/shadowera.txt
HTTP_REFERER=http://localhost/engstd/inspecDoc/create
---
2015/08/02 01:00:03 [error] [exception.CHttpException.400] exception 'CHttpException' with message 'Your request is invalid.' in C:\xampp\htdocs\engstd\framework\web\CController.php:336
Stack trace:
#0 C:\xampp\htdocs\engstd\framework\web\CController.php(309): CController->invalidActionParams(Object(CInlineAction))
#1 C:\xampp\htdocs\engstd\framework\web\filters\CFilterChain.php(133): CController->runAction(Object(CInlineAction))
#2 C:\xampp\htdocs\engstd\framework\web\filters\CFilter.php(40): CFilterChain->run()
#3 C:\xampp\htdocs\engstd\framework\web\CController.php(1145): CFilter->filter(Object(CFilterChain))
#4 C:\xampp\htdocs\engstd\framework\web\filters\CInlineFilter.php(58): CController->filterAccessControl(Object(CFilterChain))
#5 C:\xampp\htdocs\engstd\framework\web\filters\CFilterChain.php(130): CInlineFilter->filter(Object(CFilterChain))
#6 C:\xampp\htdocs\engstd\framework\web\CController.php(291): CFilterChain->run()
#7 C:\xampp\htdocs\engstd\framework\web\CController.php(265): CController->runActionWithFilters(Object(CInlineAction), Array)
#8 C:\xampp\htdocs\engstd\framework\web\CWebApplication.php(282): CController->run('download')
#9 C:\xampp\htdocs\engstd\framework\web\CWebApplication.php(141): CWebApplication->runController('InspecFile/down...')
#10 C:\xampp\htdocs\engstd\framework\base\CApplication.php(180): CWebApplication->processRequest()
#11 C:\xampp\htdocs\engstd\index.php(13): CApplication->run()
#12 {main}
REQUEST_URI=/engstd/InspecFile/download/shadowera.txt
---
2015/08/02 01:00:24 [error] [exception.CHttpException.400] exception 'CHttpException' with message 'Your request is invalid.' in C:\xampp\htdocs\engstd\framework\web\CController.php:336
Stack trace:
#0 C:\xampp\htdocs\engstd\framework\web\CController.php(309): CController->invalidActionParams(Object(CInlineAction))
#1 C:\xampp\htdocs\engstd\framework\web\filters\CFilterChain.php(133): CController->runAction(Object(CInlineAction))
#2 C:\xampp\htdocs\engstd\framework\web\filters\CFilter.php(40): CFilterChain->run()
#3 C:\xampp\htdocs\engstd\framework\web\CController.php(1145): CFilter->filter(Object(CFilterChain))
#4 C:\xampp\htdocs\engstd\framework\web\filters\CInlineFilter.php(58): CController->filterAccessControl(Object(CFilterChain))
#5 C:\xampp\htdocs\engstd\framework\web\filters\CFilterChain.php(130): CInlineFilter->filter(Object(CFilterChain))
#6 C:\xampp\htdocs\engstd\framework\web\CController.php(291): CFilterChain->run()
#7 C:\xampp\htdocs\engstd\framework\web\CController.php(265): CController->runActionWithFilters(Object(CInlineAction), Array)
#8 C:\xampp\htdocs\engstd\framework\web\CWebApplication.php(282): CController->run('download')
#9 C:\xampp\htdocs\engstd\framework\web\CWebApplication.php(141): CWebApplication->runController('InspecFile/down...')
#10 C:\xampp\htdocs\engstd\framework\base\CApplication.php(180): CWebApplication->processRequest()
#11 C:\xampp\htdocs\engstd\index.php(13): CApplication->run()
#12 {main}
REQUEST_URI=/engstd/InspecFile/download/
---
2015/08/02 01:00:53 [error] [exception.CHttpException.400] exception 'CHttpException' with message 'Your request is invalid.' in C:\xampp\htdocs\engstd\framework\web\CController.php:336
Stack trace:
#0 C:\xampp\htdocs\engstd\framework\web\CController.php(309): CController->invalidActionParams(Object(CInlineAction))
#1 C:\xampp\htdocs\engstd\framework\web\filters\CFilterChain.php(133): CController->runAction(Object(CInlineAction))
#2 C:\xampp\htdocs\engstd\framework\web\filters\CFilter.php(40): CFilterChain->run()
#3 C:\xampp\htdocs\engstd\framework\web\CController.php(1145): CFilter->filter(Object(CFilterChain))
#4 C:\xampp\htdocs\engstd\framework\web\filters\CInlineFilter.php(58): CController->filterAccessControl(Object(CFilterChain))
#5 C:\xampp\htdocs\engstd\framework\web\filters\CFilterChain.php(130): CInlineFilter->filter(Object(CFilterChain))
#6 C:\xampp\htdocs\engstd\framework\web\CController.php(291): CFilterChain->run()
#7 C:\xampp\htdocs\engstd\framework\web\CController.php(265): CController->runActionWithFilters(Object(CInlineAction), Array)
#8 C:\xampp\htdocs\engstd\framework\web\CWebApplication.php(282): CController->run('download')
#9 C:\xampp\htdocs\engstd\framework\web\CWebApplication.php(141): CWebApplication->runController('inspecFile/down...')
#10 C:\xampp\htdocs\engstd\framework\base\CApplication.php(180): CWebApplication->processRequest()
#11 C:\xampp\htdocs\engstd\index.php(13): CApplication->run()
#12 {main}
REQUEST_URI=/engstd/inspecFile/download/
---
2015/08/02 01:01:51 [error] [exception.CHttpException.400] exception 'CHttpException' with message 'Your request is invalid.' in C:\xampp\htdocs\engstd\framework\web\CController.php:336
Stack trace:
#0 C:\xampp\htdocs\engstd\framework\web\CController.php(309): CController->invalidActionParams(Object(CInlineAction))
#1 C:\xampp\htdocs\engstd\framework\web\filters\CFilterChain.php(133): CController->runAction(Object(CInlineAction))
#2 C:\xampp\htdocs\engstd\framework\web\filters\CFilter.php(40): CFilterChain->run()
#3 C:\xampp\htdocs\engstd\framework\web\CController.php(1145): CFilter->filter(Object(CFilterChain))
#4 C:\xampp\htdocs\engstd\framework\web\filters\CInlineFilter.php(58): CController->filterAccessControl(Object(CFilterChain))
#5 C:\xampp\htdocs\engstd\framework\web\filters\CFilterChain.php(130): CInlineFilter->filter(Object(CFilterChain))
#6 C:\xampp\htdocs\engstd\framework\web\CController.php(291): CFilterChain->run()
#7 C:\xampp\htdocs\engstd\framework\web\CController.php(265): CController->runActionWithFilters(Object(CInlineAction), Array)
#8 C:\xampp\htdocs\engstd\framework\web\CWebApplication.php(282): CController->run('download')
#9 C:\xampp\htdocs\engstd\framework\web\CWebApplication.php(141): CWebApplication->runController('inspecFile/down...')
#10 C:\xampp\htdocs\engstd\framework\base\CApplication.php(180): CWebApplication->processRequest()
#11 C:\xampp\htdocs\engstd\index.php(13): CApplication->run()
#12 {main}
REQUEST_URI=/engstd/inspecFile/download/
---
2015/08/02 01:01:53 [error] [exception.CHttpException.400] exception 'CHttpException' with message 'Your request is invalid.' in C:\xampp\htdocs\engstd\framework\web\CController.php:336
Stack trace:
#0 C:\xampp\htdocs\engstd\framework\web\CController.php(309): CController->invalidActionParams(Object(CInlineAction))
#1 C:\xampp\htdocs\engstd\framework\web\filters\CFilterChain.php(133): CController->runAction(Object(CInlineAction))
#2 C:\xampp\htdocs\engstd\framework\web\filters\CFilter.php(40): CFilterChain->run()
#3 C:\xampp\htdocs\engstd\framework\web\CController.php(1145): CFilter->filter(Object(CFilterChain))
#4 C:\xampp\htdocs\engstd\framework\web\filters\CInlineFilter.php(58): CController->filterAccessControl(Object(CFilterChain))
#5 C:\xampp\htdocs\engstd\framework\web\filters\CFilterChain.php(130): CInlineFilter->filter(Object(CFilterChain))
#6 C:\xampp\htdocs\engstd\framework\web\CController.php(291): CFilterChain->run()
#7 C:\xampp\htdocs\engstd\framework\web\CController.php(265): CController->runActionWithFilters(Object(CInlineAction), Array)
#8 C:\xampp\htdocs\engstd\framework\web\CWebApplication.php(282): CController->run('download')
#9 C:\xampp\htdocs\engstd\framework\web\CWebApplication.php(141): CWebApplication->runController('inspecFile/down...')
#10 C:\xampp\htdocs\engstd\framework\base\CApplication.php(180): CWebApplication->processRequest()
#11 C:\xampp\htdocs\engstd\index.php(13): CApplication->run()
#12 {main}
REQUEST_URI=/engstd/inspecFile/download/
---
2015/08/02 01:01:55 [error] [exception.CHttpException.400] exception 'CHttpException' with message 'Your request is invalid.' in C:\xampp\htdocs\engstd\framework\web\CController.php:336
Stack trace:
#0 C:\xampp\htdocs\engstd\framework\web\CController.php(309): CController->invalidActionParams(Object(CInlineAction))
#1 C:\xampp\htdocs\engstd\framework\web\filters\CFilterChain.php(133): CController->runAction(Object(CInlineAction))
#2 C:\xampp\htdocs\engstd\framework\web\filters\CFilter.php(40): CFilterChain->run()
#3 C:\xampp\htdocs\engstd\framework\web\CController.php(1145): CFilter->filter(Object(CFilterChain))
#4 C:\xampp\htdocs\engstd\framework\web\filters\CInlineFilter.php(58): CController->filterAccessControl(Object(CFilterChain))
#5 C:\xampp\htdocs\engstd\framework\web\filters\CFilterChain.php(130): CInlineFilter->filter(Object(CFilterChain))
#6 C:\xampp\htdocs\engstd\framework\web\CController.php(291): CFilterChain->run()
#7 C:\xampp\htdocs\engstd\framework\web\CController.php(265): CController->runActionWithFilters(Object(CInlineAction), Array)
#8 C:\xampp\htdocs\engstd\framework\web\CWebApplication.php(282): CController->run('download')
#9 C:\xampp\htdocs\engstd\framework\web\CWebApplication.php(141): CWebApplication->runController('inspecFile/down...')
#10 C:\xampp\htdocs\engstd\framework\base\CApplication.php(180): CWebApplication->processRequest()
#11 C:\xampp\htdocs\engstd\index.php(13): CApplication->run()
#12 {main}
REQUEST_URI=/engstd/inspecFile/download/
---
2015/08/02 01:02:03 [error] [exception.CException] exception 'CException' with message 'InspecFileController ไม่สามารถค้นหา "view" ตามคำสั่งได้' in C:\xampp\htdocs\engstd\framework\web\CController.php:878
Stack trace:
#0 C:\xampp\htdocs\engstd\framework\web\CController.php(782): CController->renderPartial('view', Array, true)
#1 C:\xampp\htdocs\engstd\protected\controllers\InspecFileController.php(55): CController->render('view', Array)
#2 [internal function]: InspecFileController->actionView('1')
#3 C:\xampp\htdocs\engstd\framework\web\actions\CAction.php(108): ReflectionMethod->invokeArgs(Object(InspecFileController), Array)
#4 C:\xampp\htdocs\engstd\framework\web\actions\CInlineAction.php(47): CAction->runWithParamsInternal(Object(InspecFileController), Object(ReflectionMethod), Array)
#5 C:\xampp\htdocs\engstd\framework\web\CController.php(308): CInlineAction->runWithParams(Array)
#6 C:\xampp\htdocs\engstd\framework\web\filters\CFilterChain.php(133): CController->runAction(Object(CInlineAction))
#7 C:\xampp\htdocs\engstd\framework\web\filters\CFilter.php(40): CFilterChain->run()
#8 C:\xampp\htdocs\engstd\framework\web\CController.php(1145): CFilter->filter(Object(CFilterChain))
#9 C:\xampp\htdocs\engstd\framework\web\filters\CInlineFilter.php(58): CController->filterAccessControl(Object(CFilterChain))
#10 C:\xampp\htdocs\engstd\framework\web\filters\CFilterChain.php(130): CInlineFilter->filter(Object(CFilterChain))
#11 C:\xampp\htdocs\engstd\framework\web\CController.php(291): CFilterChain->run()
#12 C:\xampp\htdocs\engstd\framework\web\CController.php(265): CController->runActionWithFilters(Object(CInlineAction), Array)
#13 C:\xampp\htdocs\engstd\framework\web\CWebApplication.php(282): CController->run('view')
#14 C:\xampp\htdocs\engstd\framework\web\CWebApplication.php(141): CWebApplication->runController('inspecFile/view')
#15 C:\xampp\htdocs\engstd\framework\base\CApplication.php(180): CWebApplication->processRequest()
#16 C:\xampp\htdocs\engstd\index.php(13): CApplication->run()
#17 {main}
REQUEST_URI=/engstd/inspecFile/view/1
---
2015/08/02 01:04:17 [error] [exception.CHttpException.400] exception 'CHttpException' with message 'Your request is invalid.' in C:\xampp\htdocs\engstd\framework\web\CController.php:336
Stack trace:
#0 C:\xampp\htdocs\engstd\framework\web\CController.php(309): CController->invalidActionParams(Object(CInlineAction))
#1 C:\xampp\htdocs\engstd\framework\web\filters\CFilterChain.php(133): CController->runAction(Object(CInlineAction))
#2 C:\xampp\htdocs\engstd\framework\web\filters\CFilter.php(40): CFilterChain->run()
#3 C:\xampp\htdocs\engstd\framework\web\CController.php(1145): CFilter->filter(Object(CFilterChain))
#4 C:\xampp\htdocs\engstd\framework\web\filters\CInlineFilter.php(58): CController->filterAccessControl(Object(CFilterChain))
#5 C:\xampp\htdocs\engstd\framework\web\filters\CFilterChain.php(130): CInlineFilter->filter(Object(CFilterChain))
#6 C:\xampp\htdocs\engstd\framework\web\CController.php(291): CFilterChain->run()
#7 C:\xampp\htdocs\engstd\framework\web\CController.php(265): CController->runActionWithFilters(Object(CInlineAction), Array)
#8 C:\xampp\htdocs\engstd\framework\web\CWebApplication.php(282): CController->run('download')
#9 C:\xampp\htdocs\engstd\framework\web\CWebApplication.php(141): CWebApplication->runController('InspecFile/down...')
#10 C:\xampp\htdocs\engstd\framework\base\CApplication.php(180): CWebApplication->processRequest()
#11 C:\xampp\htdocs\engstd\index.php(13): CApplication->run()
#12 {main}
REQUEST_URI=/engstd/InspecFile/download/
---
2015/08/02 01:04:20 [error] [exception.CHttpException.400] exception 'CHttpException' with message 'Your request is invalid.' in C:\xampp\htdocs\engstd\framework\web\CController.php:336
Stack trace:
#0 C:\xampp\htdocs\engstd\framework\web\CController.php(309): CController->invalidActionParams(Object(CInlineAction))
#1 C:\xampp\htdocs\engstd\framework\web\filters\CFilterChain.php(133): CController->runAction(Object(CInlineAction))
#2 C:\xampp\htdocs\engstd\framework\web\filters\CFilter.php(40): CFilterChain->run()
#3 C:\xampp\htdocs\engstd\framework\web\CController.php(1145): CFilter->filter(Object(CFilterChain))
#4 C:\xampp\htdocs\engstd\framework\web\filters\CInlineFilter.php(58): CController->filterAccessControl(Object(CFilterChain))
#5 C:\xampp\htdocs\engstd\framework\web\filters\CFilterChain.php(130): CInlineFilter->filter(Object(CFilterChain))
#6 C:\xampp\htdocs\engstd\framework\web\CController.php(291): CFilterChain->run()
#7 C:\xampp\htdocs\engstd\framework\web\CController.php(265): CController->runActionWithFilters(Object(CInlineAction), Array)
#8 C:\xampp\htdocs\engstd\framework\web\CWebApplication.php(282): CController->run('download')
#9 C:\xampp\htdocs\engstd\framework\web\CWebApplication.php(141): CWebApplication->runController('InspecFile/down...')
#10 C:\xampp\htdocs\engstd\framework\base\CApplication.php(180): CWebApplication->processRequest()
#11 C:\xampp\htdocs\engstd\index.php(13): CApplication->run()
#12 {main}
REQUEST_URI=/engstd/InspecFile/download/shadowera.txt
---
